<?xml version="1.0" encoding="UTF-8"?>
<!-- Generated by org.testng.reporters.JUnitReportReporter -->
<testsuite skipped="0" hostname="DESKTOP-F32IQAG" name="HemoDepot.com.BootCamp2020.Browers" tests="2" failures="0" timestamp="16 Mar 2020 18:56:48 GMT" time="0.010" errors="0">
  <testcase name="f" time="0.001" classname="HemoDepot.com.BootCamp2020.Browers"/>
  <testcase name="f" time="0.009" classname="HemoDepot.com.BootCamp2020.Browers"/>
</testsuite> <!-- HemoDepot.com.BootCamp2020.Browers -->
