<?xml version="1.0" encoding="UTF-8"?>
<!-- Generated by org.testng.reporters.JUnitReportReporter -->
<testsuite skipped="0" hostname="DESKTOP-F32IQAG" name="HemoDepot.com.BootCamp2020.TestNG" tests="4" failures="0" timestamp="17 Mar 2020 23:30:50 GMT" time="21.597" errors="0">
  <testcase name="f" time="8.861" classname="HemoDepot.com.BootCamp2020.TestNG"/>
  <testcase name="f" time="8.793" classname="HemoDepot.com.BootCamp2020.TestNG"/>
  <testcase name="g" time="1.465" classname="HemoDepot.com.BootCamp2020.TestNG"/>
  <testcase name="g" time="2.478" classname="HemoDepot.com.BootCamp2020.TestNG"/>
</testsuite> <!-- HemoDepot.com.BootCamp2020.TestNG -->
