<?xml version="1.0" encoding="UTF-8"?>
<!-- Generated by org.testng.reporters.JUnitReportReporter -->
<testsuite skipped="0" hostname="DESKTOP-F32IQAG" name="BCamp.ExpediaUrl" tests="1" failures="0" timestamp="20 Mar 2020 11:05:38 GMT" time="16.002" errors="0">
  <testcase name="f" time="16.002" classname="BCamp.ExpediaUrl"/>
</testsuite> <!-- BCamp.ExpediaUrl -->
